Сборка начата 25.09.2015 9:07:36.
     1>Проект "E:\Учеба\Second\ООП\MyLab\lab 2\lab 2\lab 2.vcxproj" в узле 2 (целевые объекты Build).
     1>ClCompile:
         C:\Program Files (x86)\Microsoft Visual Studio 14.0\VC\bin\CL.exe /c /ZI /nologo /W3 /WX- /sdl /Od /Oy- /D WIN32 /D _DEBUG /D _CONSOLE /D _UNICODE /D UNICODE /Gm /EHsc /RTC1 /MDd /GS /fp:precise /Zc:wchar_t /Zc:forScope /Zc:inline /Fo"Debug\\" /Fd"Debug\vc140.pdb" /Gd /TP /analyze- /errorReport:prompt exam.cpp isp.cpp que.cpp main.cpp test.cpp vypExam.cpp
         vypExam.cpp
         test.cpp
         main.cpp
     1>e:\учеба\second\ооп\mylab\lab 2\lab 2\main.cpp(17): warning C4244: аргумент: преобразование "time_t" в "unsigned int", возможна потеря данных
         que.cpp
         isp.cpp
         exam.cpp
         Создание кода...
       Link:
         C:\Program Files (x86)\Microsoft Visual Studio 14.0\VC\bin\link.exe /ERRORREPORT:PROMPT /OUT:"E:\Учеба\Second\ООП\MyLab\lab 2\Debug\lab 2.exe" /INCREMENTAL /NOLOGO kernel32.lib user32.lib gdi32.lib winspool.lib comdlg32.lib advapi32.lib shell32.lib ole32.lib oleaut32.lib uuid.lib odbc32.lib odbccp32.lib /MANIFEST /MANIFESTUAC:"level='asInvoker' uiAccess='false'" /manifest:embed /Debug /PDB:"E:\Учеба\Second\ООП\MyLab\lab 2\Debug\lab 2.pdb" /SUBSYSTEM:CONSOLE /TLBID:1 /DYNAMICBASE /NXCOMPAT /IMPLIB:"E:\Учеба\Second\ООП\MyLab\lab 2\Debug\lab 2.lib" /MACHINE:X86 Debug\exam.obj
         Debug\isp.obj
         Debug\que.obj
         Debug\main.obj
         Debug\test.obj
         Debug\vypExam.obj
         lab 2.vcxproj -> E:\Учеба\Second\ООП\MyLab\lab 2\Debug\lab 2.exe
     1>Сборка проекта "E:\Учеба\Second\ООП\MyLab\lab 2\lab 2\lab 2.vcxproj" завершена (целевые объекты Build).

Сборка успешно завершена.

Затраченное время: 00:00:10.17
